# JRE version: 7.0_21-b11
# Java VM: Java HotSpot(TM) Client VM (23.21-b01 mixed mode, sharing windows-x86 )
Heap
 def new generation   total 22336K, used 6365K [0x246e0000, 0x25f10000, 0x29c30000)
  eden space 19904K,  29% used [0x246e0000, 0x24c8e3d8, 0x25a50000)
  from space 2432K,  22% used [0x25a50000, 0x25ad91c8, 0x25cb0000)
  to   space 2432K,   0% used [0x25cb0000, 0x25cb0000, 0x25f10000)
 tenured generation   total 49404K, used 37832K [0x29c30000, 0x2cc6f000, 0x346e0000)
   the space 49404K,  76% used [0x29c30000, 0x2c1222b0, 0x2c122400, 0x2cc6f000)
 compacting perm gen  total 12288K, used 5001K [0x346e0000, 0x352e0000, 0x386e0000)
   the space 12288K,  40% used [0x346e0000, 0x34bc2428, 0x34bc2600, 0x352e0000)
    ro space 10240K,  42% used [0x386e0000, 0x38b222a0, 0x38b22400, 0x390e0000)
    rw space 12288K,  54% used [0x390e0000, 0x39763250, 0x39763400, 0x39ce0000)
GC Heap History (10 events):
Event: 7.954 GC heap before
{Heap before GC invocations=56 (full 4):
 def new generation   total 22336K, used 19904K [0x246e0000, 0x25f10000, 0x29c30000)
  eden space 19904K, 100% used [0x246e0000, 0x25a50000, 0x25a50000)
  from space 2432K,   0% used [0x25cb0000, 0x25cb0330, 0x25f10000)
  to   space 2432K,   0% used [0x25a50000, 0x25a50000, 0x25cb0000)
 tenured generation   total 49404K, used 37832K [0x29c30000, 0x2cc6f000, 0x346e0000)
   the space 49404K,  76% used [0x29c30000, 0x2c1222b0, 0x2c122400, 0x2cc6f000)
 compacting perm gen  total 12288K, used 4974K [0x346e0000, 0x352e0000, 0x386e0000)
   the space 12288K,  40% used [0x346e0000, 0x34bbb9d8, 0x34bbba00, 0x352e0000)
    ro space 10240K,  42% used [0x386e0000, 0x38b222a0, 0x38b22400, 0x390e0000)
    rw space 12288K,  54% used [0x390e0000, 0x39763250, 0x39763400, 0x39ce0000)
Event: 7.961 GC heap after
Heap after GC invocations=57 (full 4):
 def new generation   total 22336K, used 470K [0x246e0000, 0x25f10000, 0x29c30000)
  eden space 19904K,   0% used [0x246e0000, 0x246e0000, 0x25a50000)
  from space 2432K,  19% used [0x25a50000, 0x25ac5bf0, 0x25cb0000)
  to   space 2432K,   0% used [0x25cb0000, 0x25cb0000, 0x25f10000)
 tenured generation   total 49404K, used 37832K [0x29c30000, 0x2cc6f000, 0x346e0000)
   the space 49404K,  76% used [0x29c30000, 0x2c1222b0, 0x2c122400, 0x2cc6f000)
 compacting perm gen  total 12288K, used 4974K [0x346e0000, 0x352e0000, 0x386e0000)
   the space 12288K,  40% used [0x346e0000, 0x34bbb9d8, 0x34bbba00, 0x352e0000)
    ro space 10240K,  42% used [0x386e0000, 0x38b222a0, 0x38b22400, 0x390e0000)
    rw space 12288K,  54% used [0x390e0000, 0x39763250, 0x39763400, 0x39ce0000)
}
Event: 8.180 GC heap before
{Heap before GC invocations=57 (full 4):
 def new generation   total 22336K, used 20374K [0x246e0000, 0x25f10000, 0x29c30000)
  eden space 19904K, 100% used [0x246e0000, 0x25a50000, 0x25a50000)
  from space 2432K,  19% used [0x25a50000, 0x25ac5bf0, 0x25cb0000)
  to   space 2432K,   0% used [0x25cb0000, 0x25cb0000, 0x25f10000)
 tenured generation   total 49404K, used 37832K [0x29c30000, 0x2cc6f000, 0x346e0000)
   the space 49404K,  76% used [0x29c30000, 0x2c1222b0, 0x2c122400, 0x2cc6f000)
 compacting perm gen  total 12288K, used 4974K [0x346e0000, 0x352e0000, 0x386e0000)
   the space 12288K,  40% used [0x346e0000, 0x34bbb9d8, 0x34bbba00, 0x352e0000)
    ro space 10240K,  42% used [0x386e0000, 0x38b222a0, 0x38b22400, 0x390e0000)
    rw space 12288K,  54% used [0x390e0000, 0x39763250, 0x39763400, 0x39ce0000)
Event: 8.183 GC heap after
Heap after GC invocations=58 (full 4):
 def new generation   total 22336K, used 31K [0x246e0000, 0x25f10000, 0x29c30000)
  eden space 19904K,   0% used [0x246e0000, 0x246e0000, 0x25a50000)
  from space 2432K,   1% used [0x25cb0000, 0x25cb7de8, 0x25f10000)
  to   space 2432K,   0% used [0x25a50000, 0x25a50000, 0x25cb0000)
 tenured generation   total 49404K, used 37832K [0x29c30000, 0x2cc6f000, 0x346e0000)
   the space 49404K,  76% used [0x29c30000, 0x2c1222b0, 0x2c122400, 0x2cc6f000)
 compacting perm gen  total 12288K, used 4974K [0x346e0000, 0x352e0000, 0x386e0000)
   the space 12288K,  40% used [0x346e0000, 0x34bbb9d8, 0x34bbba00, 0x352e0000)
    ro space 10240K,  42% used [0x386e0000, 0x38b222a0, 0x38b22400, 0x390e0000)
    rw space 12288K,  54% used [0x390e0000, 0x39763250, 0x39763400, 0x39ce0000)
}
Event: 8.404 GC heap before
{Heap before GC invocations=58 (full 4):
 def new generation   total 22336K, used 19935K [0x246e0000, 0x25f10000, 0x29c30000)
  eden space 19904K, 100% used [0x246e0000, 0x25a50000, 0x25a50000)
  from space 2432K,   1% used [0x25cb0000, 0x25cb7de8, 0x25f10000)
  to   space 2432K,   0% used [0x25a50000, 0x25a50000, 0x25cb0000)
 tenured generation   total 49404K, used 37832K [0x29c30000, 0x2cc6f000, 0x346e0000)
   the space 49404K,  76% used [0x29c30000, 0x2c1222b0, 0x2c122400, 0x2cc6f000)
 compacting perm gen  total 12288K, used 4975K [0x346e0000, 0x352e0000, 0x386e0000)
   the space 12288K,  40% used [0x346e0000, 0x34bbbe80, 0x34bbc000, 0x352e0000)
    ro space 10240K,  42% used [0x386e0000, 0x38b222a0, 0x38b22400, 0x390e0000)
    rw space 12288K,  54% used [0x390e0000, 0x39763250, 0x39763400, 0x39ce0000)
Event: 8.408 GC heap after
Heap after GC invocations=59 (full 4):
 def new generation   total 22336K, used 430K [0x246e0000, 0x25f10000, 0x29c30000)
  eden space 19904K,   0% used [0x246e0000, 0x246e0000, 0x25a50000)
  from space 2432K,  17% used [0x25a50000, 0x25abb840, 0x25cb0000)
  to   space 2432K,   0% used [0x25cb0000, 0x25cb0000, 0x25f10000)
 tenured generation   total 49404K, used 37832K [0x29c30000, 0x2cc6f000, 0x346e0000)
   the space 49404K,  76% used [0x29c30000, 0x2c1222b0, 0x2c122400, 0x2cc6f000)
 compacting perm gen  total 12288K, used 4975K [0x346e0000, 0x352e0000, 0x386e0000)
   the space 12288K,  40% used [0x346e0000, 0x34bbbe80, 0x34bbc000, 0x352e0000)
    ro space 10240K,  42% used [0x386e0000, 0x38b222a0, 0x38b22400, 0x390e0000)
    rw space 12288K,  54% used [0x390e0000, 0x39763250, 0x39763400, 0x39ce0000)
}
Event: 8.632 GC heap before
{Heap before GC invocations=59 (full 4):
 def new generation   total 22336K, used 20334K [0x246e0000, 0x25f10000, 0x29c30000)
  eden space 19904K, 100% used [0x246e0000, 0x25a50000, 0x25a50000)
  from space 2432K,  17% used [0x25a50000, 0x25abb840, 0x25cb0000)
  to   space 2432K,   0% used [0x25cb0000, 0x25cb0000, 0x25f10000)
 tenured generation   total 49404K, used 37832K [0x29c30000, 0x2cc6f000, 0x346e0000)
   the space 49404K,  76% used [0x29c30000, 0x2c1222b0, 0x2c122400, 0x2cc6f000)
 compacting perm gen  total 12288K, used 4975K [0x346e0000, 0x352e0000, 0x386e0000)
   the space 12288K,  40% used [0x346e0000, 0x34bbbe80, 0x34bbc000, 0x352e0000)
    ro space 10240K,  42% used [0x386e0000, 0x38b222a0, 0x38b22400, 0x390e0000)
    rw space 12288K,  54% used [0x390e0000, 0x39763250, 0x39763400, 0x39ce0000)
Event: 8.635 GC heap after
Heap after GC invocations=60 (full 4):
 def new generation   total 22336K, used 142K [0x246e0000, 0x25f10000, 0x29c30000)
  eden space 19904K,   0% used [0x246e0000, 0x246e0000, 0x25a50000)
  from space 2432K,   5% used [0x25cb0000, 0x25cd3bc8, 0x25f10000)
  to   space 2432K,   0% used [0x25a50000, 0x25a50000, 0x25cb0000)
 tenured generation   total 49404K, used 37832K [0x29c30000, 0x2cc6f000, 0x346e0000)
   the space 49404K,  76% used [0x29c30000, 0x2c1222b0, 0x2c122400, 0x2cc6f000)
 compacting perm gen  total 12288K, used 4975K [0x346e0000, 0x352e0000, 0x386e0000)
   the space 12288K,  40% used [0x346e0000, 0x34bbbe80, 0x34bbc000, 0x352e0000)
    ro space 10240K,  42% used [0x386e0000, 0x38b222a0, 0x38b22400, 0x390e0000)
    rw space 12288K,  54% used [0x390e0000, 0x39763250, 0x39763400, 0x39ce0000)
}
Event: 8.856 GC heap before
{Heap before GC invocations=60 (full 4):
 def new generation   total 22336K, used 20046K [0x246e0000, 0x25f10000, 0x29c30000)
  eden space 19904K, 100% used [0x246e0000, 0x25a50000, 0x25a50000)
  from space 2432K,   5% used [0x25cb0000, 0x25cd3bc8, 0x25f10000)
  to   space 2432K,   0% used [0x25a50000, 0x25a50000, 0x25cb0000)
 tenured generation   total 49404K, used 37832K [0x29c30000, 0x2cc6f000, 0x346e0000)
   the space 49404K,  76% used [0x29c30000, 0x2c1222b0, 0x2c122400, 0x2cc6f000)
 compacting perm gen  total 12288K, used 4975K [0x346e0000, 0x352e0000, 0x386e0000)
   the space 12288K,  40% used [0x346e0000, 0x34bbbe80, 0x34bbc000, 0x352e0000)
    ro space 10240K,  42% used [0x386e0000, 0x38b222a0, 0x38b22400, 0x390e0000)
    rw space 12288K,  54% used [0x390e0000, 0x39763250, 0x39763400, 0x39ce0000)
Event: 8.860 GC heap after
Heap after GC invocations=61 (full 4):
 def new generation   total 22336K, used 548K [0x246e0000, 0x25f10000, 0x29c30000)
  eden space 19904K,   0% used [0x246e0000, 0x246e0000, 0x25a50000)
  from space 2432K,  22% used [0x25a50000, 0x25ad91c8, 0x25cb0000)
  to   space 2432K,   0% used [0x25cb0000, 0x25cb0000, 0x25f10000)
 tenured generation   total 49404K, used 37832K [0x29c30000, 0x2cc6f000, 0x346e0000)
   the space 49404K,  76% used [0x29c30000, 0x2c1222b0, 0x2c122400, 0x2cc6f000)
 compacting perm gen  total 12288K, used 4975K [0x346e0000, 0x352e0000, 0x386e0000)
   the space 12288K,  40% used [0x346e0000, 0x34bbbe80, 0x34bbc000, 0x352e0000)
    ro space 10240K,  42% used [0x386e0000, 0x38b222a0, 0x38b22400, 0x390e0000)
    rw space 12288K,  54% used [0x390e0000, 0x39763250, 0x39763400, 0x39ce0000)
}

