# JRE version: 7.0_21-b11
# Java VM: Java HotSpot(TM) Client VM (23.21-b01 mixed mode windows-x86 )
Heap
 def new generation   total 14592K, used 524K [0x04660000, 0x05630000, 0x09bb0000)
  eden space 12992K,   4% used [0x04660000, 0x046e2a00, 0x05310000)
  from space 1600K,   0% used [0x054a0000, 0x054a0870, 0x05630000)
  to   space 1600K,   0% used [0x05310000, 0x05310000, 0x054a0000)
 tenured generation   total 32248K, used 23474K [0x09bb0000, 0x0bb2e000, 0x14660000)
   the space 32248K,  72% used [0x09bb0000, 0x0b29c8c8, 0x0b29ca00, 0x0bb2e000)
 compacting perm gen  total 12288K, used 10044K [0x14660000, 0x15260000, 0x18660000)
   the space 12288K,  81% used [0x14660000, 0x1502f3b8, 0x1502f400, 0x15260000)
GC Heap History (10 events):
Event: 13.221 GC heap before
{Heap before GC invocations=85 (full 3):
 def new generation   total 14592K, used 13570K [0x04660000, 0x05630000, 0x09bb0000)
  eden space 12992K, 100% used [0x04660000, 0x05310000, 0x05310000)
  from space 1600K,  36% used [0x05310000, 0x053a09c8, 0x054a0000)
  to   space 1600K,   0% used [0x054a0000, 0x054a0000, 0x05630000)
 tenured generation   total 32248K, used 23474K [0x09bb0000, 0x0bb2e000, 0x14660000)
   the space 32248K,  72% used [0x09bb0000, 0x0b29c8c8, 0x0b29ca00, 0x0bb2e000)
 compacting perm gen  total 12288K, used 10020K [0x14660000, 0x15260000, 0x18660000)
   the space 12288K,  81% used [0x14660000, 0x150291f0, 0x15029200, 0x15260000)
No shared spaces configured.
Event: 13.223 GC heap after
Heap after GC invocations=86 (full 3):
 def new generation   total 14592K, used 67K [0x04660000, 0x05630000, 0x09bb0000)
  eden space 12992K,   0% used [0x04660000, 0x04660000, 0x05310000)
  from space 1600K,   4% used [0x054a0000, 0x054b0c98, 0x05630000)
  to   space 1600K,   0% used [0x05310000, 0x05310000, 0x054a0000)
 tenured generation   total 32248K, used 23474K [0x09bb0000, 0x0bb2e000, 0x14660000)
   the space 32248K,  72% used [0x09bb0000, 0x0b29c8c8, 0x0b29ca00, 0x0bb2e000)
 compacting perm gen  total 12288K, used 10020K [0x14660000, 0x15260000, 0x18660000)
   the space 12288K,  81% used [0x14660000, 0x150291f0, 0x15029200, 0x15260000)
No shared spaces configured.
}
Event: 13.369 GC heap before
{Heap before GC invocations=86 (full 3):
 def new generation   total 14592K, used 13059K [0x04660000, 0x05630000, 0x09bb0000)
  eden space 12992K, 100% used [0x04660000, 0x05310000, 0x05310000)
  from space 1600K,   4% used [0x054a0000, 0x054b0c98, 0x05630000)
  to   space 1600K,   0% used [0x05310000, 0x05310000, 0x054a0000)
 tenured generation   total 32248K, used 23474K [0x09bb0000, 0x0bb2e000, 0x14660000)
   the space 32248K,  72% used [0x09bb0000, 0x0b29c8c8, 0x0b29ca00, 0x0bb2e000)
 compacting perm gen  total 12288K, used 10020K [0x14660000, 0x15260000, 0x18660000)
   the space 12288K,  81% used [0x14660000, 0x150291f0, 0x15029200, 0x15260000)
No shared spaces configured.
Event: 13.372 GC heap after
Heap after GC invocations=87 (full 3):
 def new generation   total 14592K, used 248K [0x04660000, 0x05630000, 0x09bb0000)
  eden space 12992K,   0% used [0x04660000, 0x04660000, 0x05310000)
  from space 1600K,  15% used [0x05310000, 0x0534e0e8, 0x054a0000)
  to   space 1600K,   0% used [0x054a0000, 0x054a0000, 0x05630000)
 tenured generation   total 32248K, used 23474K [0x09bb0000, 0x0bb2e000, 0x14660000)
   the space 32248K,  72% used [0x09bb0000, 0x0b29c8c8, 0x0b29ca00, 0x0bb2e000)
 compacting perm gen  total 12288K, used 10020K [0x14660000, 0x15260000, 0x18660000)
   the space 12288K,  81% used [0x14660000, 0x150291f0, 0x15029200, 0x15260000)
No shared spaces configured.
}
Event: 13.517 GC heap before
{Heap before GC invocations=87 (full 3):
 def new generation   total 14592K, used 13240K [0x04660000, 0x05630000, 0x09bb0000)
  eden space 12992K, 100% used [0x04660000, 0x05310000, 0x05310000)
  from space 1600K,  15% used [0x05310000, 0x0534e0e8, 0x054a0000)
  to   space 1600K,   0% used [0x054a0000, 0x054a0000, 0x05630000)
 tenured generation   total 32248K, used 23474K [0x09bb0000, 0x0bb2e000, 0x14660000)
   the space 32248K,  72% used [0x09bb0000, 0x0b29c8c8, 0x0b29ca00, 0x0bb2e000)
 compacting perm gen  total 12288K, used 10020K [0x14660000, 0x15260000, 0x18660000)
   the space 12288K,  81% used [0x14660000, 0x150291f0, 0x15029200, 0x15260000)
No shared spaces configured.
Event: 13.520 GC heap after
Heap after GC invocations=88 (full 3):
 def new generation   total 14592K, used 428K [0x04660000, 0x05630000, 0x09bb0000)
  eden space 12992K,   0% used [0x04660000, 0x04660000, 0x05310000)
  from space 1600K,  26% used [0x054a0000, 0x0550b3f8, 0x05630000)
  to   space 1600K,   0% used [0x05310000, 0x05310000, 0x054a0000)
 tenured generation   total 32248K, used 23474K [0x09bb0000, 0x0bb2e000, 0x14660000)
   the space 32248K,  72% used [0x09bb0000, 0x0b29c8c8, 0x0b29ca00, 0x0bb2e000)
 compacting perm gen  total 12288K, used 10020K [0x14660000, 0x15260000, 0x18660000)
   the space 12288K,  81% used [0x14660000, 0x150291f0, 0x15029200, 0x15260000)
No shared spaces configured.
}
Event: 13.666 GC heap before
{Heap before GC invocations=88 (full 3):
 def new generation   total 14592K, used 13420K [0x04660000, 0x05630000, 0x09bb0000)
  eden space 12992K, 100% used [0x04660000, 0x05310000, 0x05310000)
  from space 1600K,  26% used [0x054a0000, 0x0550b3f8, 0x05630000)
  to   space 1600K,   0% used [0x05310000, 0x05310000, 0x054a0000)
 tenured generation   total 32248K, used 23474K [0x09bb0000, 0x0bb2e000, 0x14660000)
   the space 32248K,  72% used [0x09bb0000, 0x0b29c8c8, 0x0b29ca00, 0x0bb2e000)
 compacting perm gen  total 12288K, used 10020K [0x14660000, 0x15260000, 0x18660000)
   the space 12288K,  81% used [0x14660000, 0x150291f0, 0x15029200, 0x15260000)
No shared spaces configured.
Event: 13.670 GC heap after
Heap after GC invocations=89 (full 3):
 def new generation   total 14592K, used 578K [0x04660000, 0x05630000, 0x09bb0000)
  eden space 12992K,   0% used [0x04660000, 0x04660000, 0x05310000)
  from space 1600K,  36% used [0x05310000, 0x053a0838, 0x054a0000)
  to   space 1600K,   0% used [0x054a0000, 0x054a0000, 0x05630000)
 tenured generation   total 32248K, used 23474K [0x09bb0000, 0x0bb2e000, 0x14660000)
   the space 32248K,  72% used [0x09bb0000, 0x0b29c8c8, 0x0b29ca00, 0x0bb2e000)
 compacting perm gen  total 12288K, used 10020K [0x14660000, 0x15260000, 0x18660000)
   the space 12288K,  81% used [0x14660000, 0x150291f0, 0x15029200, 0x15260000)
No shared spaces configured.
}
Event: 13.819 GC heap before
{Heap before GC invocations=89 (full 3):
 def new generation   total 14592K, used 13570K [0x04660000, 0x05630000, 0x09bb0000)
  eden space 12992K, 100% used [0x04660000, 0x05310000, 0x05310000)
  from space 1600K,  36% used [0x05310000, 0x053a0838, 0x054a0000)
  to   space 1600K,   0% used [0x054a0000, 0x054a0000, 0x05630000)
 tenured generation   total 32248K, used 23474K [0x09bb0000, 0x0bb2e000, 0x14660000)
   the space 32248K,  72% used [0x09bb0000, 0x0b29c8c8, 0x0b29ca00, 0x0bb2e000)
 compacting perm gen  total 12288K, used 10020K [0x14660000, 0x15260000, 0x18660000)
   the space 12288K,  81% used [0x14660000, 0x150291f0, 0x15029200, 0x15260000)
No shared spaces configured.
Event: 13.823 GC heap after
Heap after GC invocations=90 (full 3):
 def new generation   total 14592K, used 2K [0x04660000, 0x05630000, 0x09bb0000)
  eden space 12992K,   0% used [0x04660000, 0x04660000, 0x05310000)
  from space 1600K,   0% used [0x054a0000, 0x054a0870, 0x05630000)
  to   space 1600K,   0% used [0x05310000, 0x05310000, 0x054a0000)
 tenured generation   total 32248K, used 23474K [0x09bb0000, 0x0bb2e000, 0x14660000)
   the space 32248K,  72% used [0x09bb0000, 0x0b29c8c8, 0x0b29ca00, 0x0bb2e000)
 compacting perm gen  total 12288K, used 10020K [0x14660000, 0x15260000, 0x18660000)
   the space 12288K,  81% used [0x14660000, 0x150291f0, 0x15029200, 0x15260000)
No shared spaces configured.
}

