# JRE version: 7.0_21-b11
# Java VM: Java HotSpot(TM) Client VM (23.21-b01 mixed mode windows-x86 )
Heap
 def new generation   total 14592K, used 2623K [0x045f0000, 0x055c0000, 0x09b40000)
  eden space 12992K,  19% used [0x045f0000, 0x0486e8d8, 0x052a0000)
  from space 1600K,   4% used [0x052a0000, 0x052b1698, 0x05430000)
  to   space 1600K,   0% used [0x05430000, 0x05430000, 0x055c0000)
 tenured generation   total 32248K, used 23455K [0x09b40000, 0x0babe000, 0x145f0000)
   the space 32248K,  72% used [0x09b40000, 0x0b227f60, 0x0b228000, 0x0babe000)
 compacting perm gen  total 12288K, used 9999K [0x145f0000, 0x151f0000, 0x185f0000)
   the space 12288K,  81% used [0x145f0000, 0x14fb3c70, 0x14fb3e00, 0x151f0000)
GC Heap History (10 events):
Event: 17.992 GC heap before
{Heap before GC invocations=96 (full 3):
 def new generation   total 14592K, used 13570K [0x045f0000, 0x055c0000, 0x09b40000)
  eden space 12992K, 100% used [0x045f0000, 0x052a0000, 0x052a0000)
  from space 1600K,  36% used [0x05430000, 0x054c0ba0, 0x055c0000)
  to   space 1600K,   0% used [0x052a0000, 0x052a0000, 0x05430000)
 tenured generation   total 32248K, used 23455K [0x09b40000, 0x0babe000, 0x145f0000)
   the space 32248K,  72% used [0x09b40000, 0x0b227dc8, 0x0b227e00, 0x0babe000)
 compacting perm gen  total 12288K, used 9973K [0x145f0000, 0x151f0000, 0x185f0000)
   the space 12288K,  81% used [0x145f0000, 0x14fad540, 0x14fad600, 0x151f0000)
No shared spaces configured.
Event: 17.994 GC heap after
Heap after GC invocations=97 (full 3):
 def new generation   total 14592K, used 66K [0x045f0000, 0x055c0000, 0x09b40000)
  eden space 12992K,   0% used [0x045f0000, 0x045f0000, 0x052a0000)
  from space 1600K,   4% used [0x052a0000, 0x052b0840, 0x05430000)
  to   space 1600K,   0% used [0x05430000, 0x05430000, 0x055c0000)
 tenured generation   total 32248K, used 23455K [0x09b40000, 0x0babe000, 0x145f0000)
   the space 32248K,  72% used [0x09b40000, 0x0b227e60, 0x0b228000, 0x0babe000)
 compacting perm gen  total 12288K, used 9973K [0x145f0000, 0x151f0000, 0x185f0000)
   the space 12288K,  81% used [0x145f0000, 0x14fad540, 0x14fad600, 0x151f0000)
No shared spaces configured.
}
Event: 18.141 GC heap before
{Heap before GC invocations=97 (full 3):
 def new generation   total 14592K, used 13058K [0x045f0000, 0x055c0000, 0x09b40000)
  eden space 12992K, 100% used [0x045f0000, 0x052a0000, 0x052a0000)
  from space 1600K,   4% used [0x052a0000, 0x052b0840, 0x05430000)
  to   space 1600K,   0% used [0x05430000, 0x05430000, 0x055c0000)
 tenured generation   total 32248K, used 23455K [0x09b40000, 0x0babe000, 0x145f0000)
   the space 32248K,  72% used [0x09b40000, 0x0b227e60, 0x0b228000, 0x0babe000)
 compacting perm gen  total 12288K, used 9973K [0x145f0000, 0x151f0000, 0x185f0000)
   the space 12288K,  81% used [0x145f0000, 0x14fad540, 0x14fad600, 0x151f0000)
No shared spaces configured.
Event: 18.144 GC heap after
Heap after GC invocations=98 (full 3):
 def new generation   total 14592K, used 246K [0x045f0000, 0x055c0000, 0x09b40000)
  eden space 12992K,   0% used [0x045f0000, 0x045f0000, 0x052a0000)
  from space 1600K,  15% used [0x05430000, 0x0546d940, 0x055c0000)
  to   space 1600K,   0% used [0x052a0000, 0x052a0000, 0x05430000)
 tenured generation   total 32248K, used 23455K [0x09b40000, 0x0babe000, 0x145f0000)
   the space 32248K,  72% used [0x09b40000, 0x0b227e60, 0x0b228000, 0x0babe000)
 compacting perm gen  total 12288K, used 9973K [0x145f0000, 0x151f0000, 0x185f0000)
   the space 12288K,  81% used [0x145f0000, 0x14fad540, 0x14fad600, 0x151f0000)
No shared spaces configured.
}
Event: 18.288 GC heap before
{Heap before GC invocations=98 (full 3):
 def new generation   total 14592K, used 13238K [0x045f0000, 0x055c0000, 0x09b40000)
  eden space 12992K, 100% used [0x045f0000, 0x052a0000, 0x052a0000)
  from space 1600K,  15% used [0x05430000, 0x0546d940, 0x055c0000)
  to   space 1600K,   0% used [0x052a0000, 0x052a0000, 0x05430000)
 tenured generation   total 32248K, used 23455K [0x09b40000, 0x0babe000, 0x145f0000)
   the space 32248K,  72% used [0x09b40000, 0x0b227e60, 0x0b228000, 0x0babe000)
 compacting perm gen  total 12288K, used 9973K [0x145f0000, 0x151f0000, 0x185f0000)
   the space 12288K,  81% used [0x145f0000, 0x14fad540, 0x14fad600, 0x151f0000)
No shared spaces configured.
Event: 18.291 GC heap after
Heap after GC invocations=99 (full 3):
 def new generation   total 14592K, used 426K [0x045f0000, 0x055c0000, 0x09b40000)
  eden space 12992K,   0% used [0x045f0000, 0x045f0000, 0x052a0000)
  from space 1600K,  26% used [0x052a0000, 0x0530a8b0, 0x05430000)
  to   space 1600K,   0% used [0x05430000, 0x05430000, 0x055c0000)
 tenured generation   total 32248K, used 23455K [0x09b40000, 0x0babe000, 0x145f0000)
   the space 32248K,  72% used [0x09b40000, 0x0b227f60, 0x0b228000, 0x0babe000)
 compacting perm gen  total 12288K, used 9973K [0x145f0000, 0x151f0000, 0x185f0000)
   the space 12288K,  81% used [0x145f0000, 0x14fad540, 0x14fad600, 0x151f0000)
No shared spaces configured.
}
Event: 18.439 GC heap before
{Heap before GC invocations=99 (full 3):
 def new generation   total 14592K, used 13379K [0x045f0000, 0x055c0000, 0x09b40000)
  eden space 12992K,  99% used [0x045f0000, 0x052964e8, 0x052a0000)
  from space 1600K,  26% used [0x052a0000, 0x0530a8b0, 0x05430000)
  to   space 1600K,   0% used [0x05430000, 0x05430000, 0x055c0000)
 tenured generation   total 32248K, used 23455K [0x09b40000, 0x0babe000, 0x145f0000)
   the space 32248K,  72% used [0x09b40000, 0x0b227f60, 0x0b228000, 0x0babe000)
 compacting perm gen  total 12288K, used 9973K [0x145f0000, 0x151f0000, 0x185f0000)
   the space 12288K,  81% used [0x145f0000, 0x14fad540, 0x14fad600, 0x151f0000)
No shared spaces configured.
Event: 18.443 GC heap after
Heap after GC invocations=100 (full 3):
 def new generation   total 14592K, used 578K [0x045f0000, 0x055c0000, 0x09b40000)
  eden space 12992K,   0% used [0x045f0000, 0x045f0000, 0x052a0000)
  from space 1600K,  36% used [0x05430000, 0x054c0878, 0x055c0000)
  to   space 1600K,   0% used [0x052a0000, 0x052a0000, 0x05430000)
 tenured generation   total 32248K, used 23455K [0x09b40000, 0x0babe000, 0x145f0000)
   the space 32248K,  72% used [0x09b40000, 0x0b227f60, 0x0b228000, 0x0babe000)
 compacting perm gen  total 12288K, used 9973K [0x145f0000, 0x151f0000, 0x185f0000)
   the space 12288K,  81% used [0x145f0000, 0x14fad540, 0x14fad600, 0x151f0000)
No shared spaces configured.
}
Event: 18.588 GC heap before
{Heap before GC invocations=100 (full 3):
 def new generation   total 14592K, used 13570K [0x045f0000, 0x055c0000, 0x09b40000)
  eden space 12992K, 100% used [0x045f0000, 0x052a0000, 0x052a0000)
  from space 1600K,  36% used [0x05430000, 0x054c0878, 0x055c0000)
  to   space 1600K,   0% used [0x052a0000, 0x052a0000, 0x05430000)
 tenured generation   total 32248K, used 23455K [0x09b40000, 0x0babe000, 0x145f0000)
   the space 32248K,  72% used [0x09b40000, 0x0b227f60, 0x0b228000, 0x0babe000)
 compacting perm gen  total 12288K, used 9973K [0x145f0000, 0x151f0000, 0x185f0000)
   the space 12288K,  81% used [0x145f0000, 0x14fad540, 0x14fad600, 0x151f0000)
No shared spaces configured.
Event: 18.590 GC heap after
Heap after GC invocations=101 (full 3):
 def new generation   total 14592K, used 69K [0x045f0000, 0x055c0000, 0x09b40000)
  eden space 12992K,   0% used [0x045f0000, 0x045f0000, 0x052a0000)
  from space 1600K,   4% used [0x052a0000, 0x052b1698, 0x05430000)
  to   space 1600K,   0% used [0x05430000, 0x05430000, 0x055c0000)
 tenured generation   total 32248K, used 23455K [0x09b40000, 0x0babe000, 0x145f0000)
   the space 32248K,  72% used [0x09b40000, 0x0b227f60, 0x0b228000, 0x0babe000)
 compacting perm gen  total 12288K, used 9973K [0x145f0000, 0x151f0000, 0x185f0000)
   the space 12288K,  81% used [0x145f0000, 0x14fad540, 0x14fad600, 0x151f0000)
No shared spaces configured.
}

